0x100 T 0xf0 alias-hot-taken-a
0x140 N 0x144 alias-cold-not-a
0x110 T 0x100 alias-hot-taken-b
0x150 T 0x154 alias-cold-not-b
0x100 T 0xf0 alias-hot-taken-a
0x140 N 0x144 alias-cold-not-a
0x110 T 0x100 alias-hot-taken-b
0x150 N 0x154 alias-cold-not-b
0x100 T 0xf0 alias-hot-taken-a
0x140 N 0x144 alias-cold-not-a
0x110 T 0x100 alias-hot-taken-b
0x150 T 0x154 alias-cold-not-b
0x100 T 0xf0 alias-hot-taken-a
0x140 N 0x144 alias-cold-not-a
0x110 T 0x100 alias-hot-taken-b
0x150 N 0x154 alias-cold-not-b
0x100 T 0xf0 alias-hot-taken-a
0x140 N 0x144 alias-cold-not-a
0x110 T 0x100 alias-hot-taken-b
0x150 N 0x154 alias-cold-not-b
0x100 N 0x104 alias-hot-taken-a
0x140 T 0x144 alias-cold-not-a
0x110 N 0x114 alias-hot-taken-b
0x150 N 0x154 alias-cold-not-b
0x100 T 0xf0 alias-hot-taken-a
0x140 T 0x144 alias-cold-not-a
0x110 T 0x100 alias-hot-taken-b
0x150 N 0x154 alias-cold-not-b
0x100 T 0xf0 alias-hot-taken-a
0x140 N 0x144 alias-cold-not-a
0x110 T 0x100 alias-hot-taken-b
0x150 N 0x154 alias-cold-not-b
0x100 T 0xf0 alias-hot-taken-a
0x140 T 0x144 alias-cold-not-a
0x110 T 0x100 alias-hot-taken-b
0x150 N 0x154 alias-cold-not-b
0x100 T 0xf0 alias-hot-taken-a
0x140 N 0x144 alias-cold-not-a
0x110 T 0x100 alias-hot-taken-b
0x150 N 0x154 alias-cold-not-b
0x100 T 0xf0 alias-hot-taken-a
0x140 N 0x144 alias-cold-not-a
0x110 T 0x100 alias-hot-taken-b
0x150 N 0x154 alias-cold-not-b
0x100 T 0xf0 alias-hot-taken-a
0x140 N 0x144 alias-cold-not-a
0x110 T 0x100 alias-hot-taken-b
0x150 N 0x154 alias-cold-not-b
0x100 T 0xf0 alias-hot-taken-a
0x140 N 0x144 alias-cold-not-a
0x110 N 0x114 alias-hot-taken-b
0x150 T 0x154 alias-cold-not-b
0x100 T 0xf0 alias-hot-taken-a
0x140 N 0x144 alias-cold-not-a
0x110 T 0x100 alias-hot-taken-b
0x150 N 0x154 alias-cold-not-b
0x100 T 0xf0 alias-hot-taken-a
0x140 N 0x144 alias-cold-not-a
0x110 T 0x100 alias-hot-taken-b
0x150 N 0x154 alias-cold-not-b
0x100 T 0xf0 alias-hot-taken-a
0x140 N 0x144 alias-cold-not-a
0x110 T 0x100 alias-hot-taken-b
0x150 N 0x154 alias-cold-not-b
