0x100 T 0xf0 outer-loop-backedge
0x100 T 0xf0 outer-loop-backedge
0x100 T 0xf0 outer-loop-backedge
0x100 T 0xf0 outer-loop-backedge
0x100 N 0x104 outer-loop-exit
0x140 T 0x130 inner-loop-backedge
0x140 T 0x130 inner-loop-backedge
0x140 T 0x130 inner-loop-backedge
0x140 N 0x144 inner-loop-exit
0x180 T 0x170 cleanup-loop-backedge
0x180 T 0x170 cleanup-loop-backedge
0x180 T 0x170 cleanup-loop-backedge
0x180 T 0x170 cleanup-loop-backedge
0x180 T 0x170 cleanup-loop-backedge
0x180 N 0x184 cleanup-loop-exit
0x100 T 0xf0 outer-loop-backedge
0x100 T 0xf0 outer-loop-backedge
0x100 T 0xf0 outer-loop-backedge
0x100 T 0xf0 outer-loop-backedge
0x100 N 0x104 outer-loop-exit
0x140 T 0x130 inner-loop-backedge
0x140 T 0x130 inner-loop-backedge
0x140 T 0x130 inner-loop-backedge
0x140 N 0x144 inner-loop-exit
0x180 T 0x170 cleanup-loop-backedge
0x180 T 0x170 cleanup-loop-backedge
0x180 T 0x170 cleanup-loop-backedge
0x180 T 0x170 cleanup-loop-backedge
0x180 T 0x170 cleanup-loop-backedge
0x180 N 0x184 cleanup-loop-exit
0x100 T 0xf0 outer-loop-backedge
0x100 T 0xf0 outer-loop-backedge
0x100 T 0xf0 outer-loop-backedge
0x100 T 0xf0 outer-loop-backedge
0x100 N 0x104 outer-loop-exit
0x140 T 0x130 inner-loop-backedge
0x140 T 0x130 inner-loop-backedge
0x140 T 0x130 inner-loop-backedge
0x140 N 0x144 inner-loop-exit
0x180 T 0x170 cleanup-loop-backedge
