0x240 T 0x2a0 hot-fast-path
0x280 T 0x2e0 cache-hit
0x2c0 N 0x2c4 rare-fallback
0x300 N 0x304 guard-rail
0x240 T 0x2a0 hot-fast-path
0x280 T 0x2e0 cache-hit
0x2c0 T 0x320 rare-fallback
0x300 N 0x304 guard-rail
0x240 T 0x2a0 hot-fast-path
0x280 N 0x284 cache-hit
0x2c0 T 0x320 rare-fallback
0x300 N 0x304 guard-rail
0x240 T 0x2a0 hot-fast-path
0x280 N 0x284 cache-hit
0x2c0 N 0x2c4 rare-fallback
0x300 T 0x360 guard-rail
0x240 N 0x244 hot-fast-path
0x280 N 0x284 cache-hit
0x2c0 N 0x2c4 rare-fallback
0x300 N 0x304 guard-rail
0x240 T 0x2a0 hot-fast-path
0x280 T 0x2e0 cache-hit
0x2c0 N 0x2c4 rare-fallback
0x300 T 0x360 guard-rail
0x240 T 0x2a0 hot-fast-path
0x280 T 0x2e0 cache-hit
0x2c0 T 0x320 rare-fallback
0x300 N 0x304 guard-rail
0x240 T 0x2a0 hot-fast-path
0x280 N 0x284 cache-hit
0x2c0 N 0x2c4 rare-fallback
0x300 N 0x304 guard-rail
0x240 T 0x2a0 hot-fast-path
0x280 T 0x2e0 cache-hit
0x2c0 N 0x2c4 rare-fallback
0x300 N 0x304 guard-rail
0x240 N 0x244 hot-fast-path
0x280 N 0x284 cache-hit
0x2c0 N 0x2c4 rare-fallback
0x300 N 0x304 guard-rail
0x240 T 0x2a0 hot-fast-path
0x280 T 0x2e0 cache-hit
0x2c0 T 0x320 rare-fallback
0x300 T 0x360 guard-rail
0x240 T 0x2a0 hot-fast-path
0x280 T 0x2e0 cache-hit
0x2c0 N 0x2c4 rare-fallback
0x300 N 0x304 guard-rail
0x240 N 0x244 hot-fast-path
0x280 N 0x284 cache-hit
0x2c0 T 0x320 rare-fallback
0x300 N 0x304 guard-rail
0x240 N 0x244 hot-fast-path
0x280 T 0x2e0 cache-hit
0x2c0 N 0x2c4 rare-fallback
0x300 N 0x304 guard-rail
0x240 T 0x2a0 hot-fast-path
0x280 T 0x2e0 cache-hit
0x2c0 N 0x2c4 rare-fallback
0x300 N 0x304 guard-rail
0x240 T 0x2a0 hot-fast-path
0x280 T 0x2e0 cache-hit
0x2c0 N 0x2c4 rare-fallback
0x300 N 0x304 guard-rail
0x240 T 0x2a0 hot-fast-path
0x280 T 0x2e0 cache-hit
0x2c0 T 0x320 rare-fallback
0x300 T 0x360 guard-rail
0x240 T 0x2a0 hot-fast-path
0x280 T 0x2e0 cache-hit
0x2c0 N 0x2c4 rare-fallback
0x300 N 0x304 guard-rail
0x240 T 0x2a0 hot-fast-path
0x280 N 0x284 cache-hit
0x2c0 T 0x320 rare-fallback
0x300 N 0x304 guard-rail
0x240 T 0x2a0 hot-fast-path
0x280 T 0x2e0 cache-hit
0x2c0 T 0x320 rare-fallback
0x300 N 0x304 guard-rail
0x240 N 0x244 hot-fast-path
0x280 N 0x284 cache-hit
0x2c0 T 0x320 rare-fallback
0x300 N 0x304 guard-rail
0x240 T 0x2a0 hot-fast-path
0x280 T 0x2e0 cache-hit
0x2c0 N 0x2c4 rare-fallback
0x300 N 0x304 guard-rail
0x240 T 0x2a0 hot-fast-path
0x280 N 0x284 cache-hit
0x2c0 T 0x320 rare-fallback
0x300 N 0x304 guard-rail
0x240 T 0x2a0 hot-fast-path
0x280 T 0x2e0 cache-hit
0x2c0 T 0x320 rare-fallback
0x300 T 0x360 guard-rail
