0x340 T 0x390 history-driver
0x380 T 0x3d0 history-follower
0x100 T 0xf0 loop-backedge
0x3c0 T 0x420 biased-cleanup
0x340 N 0x344 history-driver
0x380 N 0x384 history-follower
0x100 T 0xf0 loop-backedge
0x3c0 T 0x420 biased-cleanup
0x340 T 0x390 history-driver
0x380 T 0x3d0 history-follower
0x100 T 0xf0 loop-backedge
0x3c0 N 0x3c4 biased-cleanup
0x340 N 0x344 history-driver
0x380 N 0x384 history-follower
0x100 N 0x104 loop-exit
0x3c0 N 0x3c4 biased-cleanup
0x340 T 0x390 history-driver
0x380 T 0x3d0 history-follower
0x100 T 0xf0 loop-backedge
0x3c0 T 0x420 biased-cleanup
0x340 N 0x344 history-driver
0x380 N 0x384 history-follower
0x100 T 0xf0 loop-backedge
0x3c0 N 0x3c4 biased-cleanup
0x340 T 0x390 history-driver
0x380 T 0x3d0 history-follower
0x100 T 0xf0 loop-backedge
0x3c0 T 0x420 biased-cleanup
0x340 N 0x344 history-driver
0x380 N 0x384 history-follower
0x100 N 0x104 loop-exit
0x3c0 T 0x420 biased-cleanup
0x340 T 0x390 history-driver
0x380 T 0x3d0 history-follower
0x100 T 0xf0 loop-backedge
0x3c0 N 0x3c4 biased-cleanup
0x340 N 0x344 history-driver
0x380 N 0x384 history-follower
0x100 T 0xf0 loop-backedge
0x3c0 T 0x420 biased-cleanup
0x340 T 0x390 history-driver
0x380 T 0x3d0 history-follower
0x100 T 0xf0 loop-backedge
0x3c0 N 0x3c4 biased-cleanup
0x340 N 0x344 history-driver
0x380 N 0x384 history-follower
0x100 N 0x104 loop-exit
0x3c0 T 0x420 biased-cleanup
